# JRE version: Java(TM) SE Runtime Environment (8.0_51-b16) (build 1.8.0_51-b16)
# Java VM: Java HotSpot(TM) 64-Bit Server VM (25.51-b03 mixed mode linux-amd64 compressed oops)
Heap:
 PSYoungGen      total 103936K, used 72845K [0x00000000f5580000, 0x00000000fcc80000, 0x0000000100000000)
  eden space 89088K, 75% used [0x00000000f5580000,0x00000000f979bfe0,0x00000000fac80000)
  from space 14848K, 34% used [0x00000000fbe00000,0x00000000fc307440,0x00000000fcc80000)
  to   space 16384K, 0% used [0x00000000fac80000,0x00000000fac80000,0x00000000fbc80000)
 ParOldGen       total 184832K, used 141690K [0x00000000e0000000, 0x00000000eb480000, 0x00000000f5580000)
  object space 184832K, 76% used [0x00000000e0000000,0x00000000e8a5e940,0x00000000eb480000)
 Metaspace       used 93276K, capacity 95508K, committed 95616K, reserved 1134592K
  class space    used 10532K, capacity 11038K, committed 11136K, reserved 1048576K
GC Heap History (10 events):
Event: 4797.599 GC heap before
{Heap before GC invocations=70 (full 4):
 PSYoungGen      total 112128K, used 111787K [0x00000000f5580000, 0x00000000fda00000, 0x0000000100000000)
  eden space 100864K, 100% used [0x00000000f5580000,0x00000000fb800000,0x00000000fb800000)
  from space 11264K, 96% used [0x00000000fba80000,0x00000000fc52af08,0x00000000fc580000)
  to   space 17408K, 0% used [0x00000000fc900000,0x00000000fc900000,0x00000000fda00000)
 ParOldGen       total 184832K, used 136043K [0x00000000e0000000, 0x00000000eb480000, 0x00000000f5580000)
  object space 184832K, 73% used [0x00000000e0000000,0x00000000e84dad48,0x00000000eb480000)
 Metaspace       used 93063K, capacity 95130K, committed 95232K, reserved 1134592K
  class space    used 10514K, capacity 11007K, committed 11008K, reserved 1048576K
Event: 4797.642 GC heap after
Heap after GC invocations=70 (full 4):
 PSYoungGen      total 113152K, used 11473K [0x00000000f5580000, 0x00000000fd780000, 0x0000000100000000)
  eden space 98304K, 0% used [0x00000000f5580000,0x00000000f5580000,0x00000000fb580000)
  from space 14848K, 77% used [0x00000000fc900000,0x00000000fd434740,0x00000000fd780000)
  to   space 17408K, 0% used [0x00000000fb580000,0x00000000fb580000,0x00000000fc680000)
 ParOldGen       total 184832K, used 136051K [0x00000000e0000000, 0x00000000eb480000, 0x00000000f5580000)
  object space 184832K, 73% used [0x00000000e0000000,0x00000000e84dcd48,0x00000000eb480000)
 Metaspace       used 93063K, capacity 95130K, committed 95232K, reserved 1134592K
  class space    used 10514K, capacity 11007K, committed 11008K, reserved 1048576K
}
Event: 5437.220 GC heap before
{Heap before GC invocations=71 (full 4):
 PSYoungGen      total 113152K, used 109777K [0x00000000f5580000, 0x00000000fd780000, 0x0000000100000000)
  eden space 98304K, 100% used [0x00000000f5580000,0x00000000fb580000,0x00000000fb580000)
  from space 14848K, 77% used [0x00000000fc900000,0x00000000fd434740,0x00000000fd780000)
  to   space 17408K, 0% used [0x00000000fb580000,0x00000000fb580000,0x00000000fc680000)
 ParOldGen       total 184832K, used 136051K [0x00000000e0000000, 0x00000000eb480000, 0x00000000f5580000)
  object space 184832K, 73% used [0x00000000e0000000,0x00000000e84dcd48,0x00000000eb480000)
 Metaspace       used 93136K, capacity 95254K, committed 95616K, reserved 1134592K
  class space    used 10520K, capacity 11017K, committed 11136K, reserved 1048576K
Event: 5437.259 GC heap after
Heap after GC invocations=71 (full 4):
 PSYoungGen      total 106496K, used 10726K [0x00000000f5580000, 0x00000000fd400000, 0x0000000100000000)
  eden space 95744K, 0% used [0x00000000f5580000,0x00000000f5580000,0x00000000fb300000)
  from space 10752K, 99% used [0x00000000fb580000,0x00000000fbff9938,0x00000000fc000000)
  to   space 16896K, 0% used [0x00000000fc380000,0x00000000fc380000,0x00000000fd400000)
 ParOldGen       total 184832K, used 136059K [0x00000000e0000000, 0x00000000eb480000, 0x00000000f5580000)
  object space 184832K, 73% used [0x00000000e0000000,0x00000000e84ded48,0x00000000eb480000)
 Metaspace       used 93136K, capacity 95254K, committed 95616K, reserved 1134592K
  class space    used 10520K, capacity 11017K, committed 11136K, reserved 1048576K
}
Event: 5441.215 GC heap before
{Heap before GC invocations=72 (full 4):
 PSYoungGen      total 106496K, used 106470K [0x00000000f5580000, 0x00000000fd400000, 0x0000000100000000)
  eden space 95744K, 100% used [0x00000000f5580000,0x00000000fb300000,0x00000000fb300000)
  from space 10752K, 99% used [0x00000000fb580000,0x00000000fbff9938,0x00000000fc000000)
  to   space 16896K, 0% used [0x00000000fc380000,0x00000000fc380000,0x00000000fd400000)
 ParOldGen       total 184832K, used 136059K [0x00000000e0000000, 0x00000000eb480000, 0x00000000f5580000)
  object space 184832K, 73% used [0x00000000e0000000,0x00000000e84ded48,0x00000000eb480000)
 Metaspace       used 93198K, capacity 95332K, committed 95616K, reserved 1134592K
  class space    used 10527K, capacity 11030K, committed 11136K, reserved 1048576K
Event: 5441.245 GC heap after
Heap after GC invocations=72 (full 4):
 PSYoungGen      total 106496K, used 10715K [0x00000000f5580000, 0x00000000fd080000, 0x0000000100000000)
  eden space 93184K, 0% used [0x00000000f5580000,0x00000000f5580000,0x00000000fb080000)
  from space 13312K, 80% used [0x00000000fc380000,0x00000000fcdf6e60,0x00000000fd080000)
  to   space 16384K, 0% used [0x00000000fb080000,0x00000000fb080000,0x00000000fc080000)
 ParOldGen       total 184832K, used 136067K [0x00000000e0000000, 0x00000000eb480000, 0x00000000f5580000)
  object space 184832K, 73% used [0x00000000e0000000,0x00000000e84e0d48,0x00000000eb480000)
 Metaspace       used 93198K, capacity 95332K, committed 95616K, reserved 1134592K
  class space    used 10527K, capacity 11030K, committed 11136K, reserved 1048576K
}
Event: 6637.333 GC heap before
{Heap before GC invocations=73 (full 4):
 PSYoungGen      total 106496K, used 103899K [0x00000000f5580000, 0x00000000fd080000, 0x0000000100000000)
  eden space 93184K, 100% used [0x00000000f5580000,0x00000000fb080000,0x00000000fb080000)
  from space 13312K, 80% used [0x00000000fc380000,0x00000000fcdf6e60,0x00000000fd080000)
  to   space 16384K, 0% used [0x00000000fb080000,0x00000000fb080000,0x00000000fc080000)
 ParOldGen       total 184832K, used 136067K [0x00000000e0000000, 0x00000000eb480000, 0x00000000f5580000)
  object space 184832K, 73% used [0x00000000e0000000,0x00000000e84e0d48,0x00000000eb480000)
 Metaspace       used 93248K, capacity 95472K, committed 95616K, reserved 1134592K
  class space    used 10529K, capacity 11032K, committed 11136K, reserved 1048576K
Event: 6637.397 GC heap after
Heap after GC invocations=73 (full 4):
 PSYoungGen      total 100352K, used 8940K [0x00000000f5580000, 0x00000000fcd80000, 0x0000000100000000)
  eden space 91136K, 0% used [0x00000000f5580000,0x00000000f5580000,0x00000000fae80000)
  from space 9216K, 97% used [0x00000000fb080000,0x00000000fb93b1c8,0x00000000fb980000)
  to   space 15872K, 0% used [0x00000000fbe00000,0x00000000fbe00000,0x00000000fcd80000)
 ParOldGen       total 184832K, used 139221K [0x00000000e0000000, 0x00000000eb480000, 0x00000000f5580000)
  object space 184832K, 75% used [0x00000000e0000000,0x00000000e87f5718,0x00000000eb480000)
 Metaspace       used 93248K, capacity 95472K, committed 95616K, reserved 1134592K
  class space    used 10529K, capacity 11032K, committed 11136K, reserved 1048576K
}
Event: 6731.853 GC heap before
{Heap before GC invocations=74 (full 4):
 PSYoungGen      total 100352K, used 100076K [0x00000000f5580000, 0x00000000fcd80000, 0x0000000100000000)
  eden space 91136K, 100% used [0x00000000f5580000,0x00000000fae80000,0x00000000fae80000)
  from space 9216K, 97% used [0x00000000fb080000,0x00000000fb93b1c8,0x00000000fb980000)
  to   space 15872K, 0% used [0x00000000fbe00000,0x00000000fbe00000,0x00000000fcd80000)
 ParOldGen       total 184832K, used 139221K [0x00000000e0000000, 0x00000000eb480000, 0x00000000f5580000)
  object space 184832K, 75% used [0x00000000e0000000,0x00000000e87f5718,0x00000000eb480000)
 Metaspace       used 93258K, capacity 95490K, committed 95616K, reserved 1134592K
  class space    used 10530K, capacity 11035K, committed 11136K, reserved 1048576K
Event: 6731.883 GC heap after
Heap after GC invocations=74 (full 4):
 PSYoungGen      total 103936K, used 5149K [0x00000000f5580000, 0x00000000fcc80000, 0x0000000100000000)
  eden space 89088K, 0% used [0x00000000f5580000,0x00000000f5580000,0x00000000fac80000)
  from space 14848K, 34% used [0x00000000fbe00000,0x00000000fc307440,0x00000000fcc80000)
  to   space 16384K, 0% used [0x00000000fac80000,0x00000000fac80000,0x00000000fbc80000)
 ParOldGen       total 184832K, used 141690K [0x00000000e0000000, 0x00000000eb480000, 0x00000000f5580000)
  object space 184832K, 76% used [0x00000000e0000000,0x00000000e8a5e940,0x00000000eb480000)
 Metaspace       used 93258K, capacity 95490K, committed 95616K, reserved 1134592K
  class space    used 10530K, capacity 11035K, committed 11136K, reserved 1048576K
}

